{
  "RSpec": {
    "coverage": {
      "/Users/CEO/Documents/Coding/MakersAcademy/Projects/Week4/Day1/Rakefile": [
        1,
        null,
        1,
        8,
        null,
        8,
        8,
        8,
        8,
        8,
        null,
        null,
        1,
        0,
        null,
        0,
        0,
        0,
        0,
        0,
        null,
        null,
        null,
        1,
        0,
        null,
        0,
        0,
        0,
        null,
        null
      ],
      "/Users/CEO/Documents/Coding/MakersAcademy/Projects/Week4/Day1/spec/DB_connection_spec.rb": [
        1,
        null,
        1,
        null,
        1,
        1,
        1,
        1,
        null,
        null,
        null,
        1,
        1,
        1,
        1,
        1,
        null,
        null,
        null,
        null
      ],
      "/Users/CEO/Documents/Coding/MakersAcademy/Projects/Week4/Day1/spec/features/add_links_spec.rb": [
        1,
        null,
        1,
        1,
        1,
        1,
        1,
        1,
        null,
        null,
        1,
        1,
        1,
        1,
        1,
        1,
        null,
        null,
        null
      ],
      "/Users/CEO/Documents/Coding/MakersAcademy/Projects/Week4/Day1/spec/features/deleting_a_link_spec.rb": [
        1,
        1,
        1,
        1,
        1,
        1,
        1,
        1,
        1,
        null,
        null
      ],
      "/Users/CEO/Documents/Coding/MakersAcademy/Projects/Week4/Day1/spec/link_spec.rb": [
        1,
        null,
        1,
        1,
        1,
        1,
        1,
        1,
        1,
        1,
        null,
        null,
        null,
        1,
        1,
        1,
        1,
        1,
        1,
        null,
        1,
        1,
        1,
        1,
        1,
        null,
        null,
        null,
        null
      ]
    },
    "timestamp": 1521136768
  }
}
