{
  "RSpec": {
    "coverage": {
      "/Users/vivianallen/projects/makers-course/Bookmark-Manager/temp/Bookmark-Manager/spec/features/see_list_of_spec.rb": [
        1,
        1,
        1,
        1,
        1,
        1,
        null,
        null
      ],
      "/Users/vivianallen/projects/makers-course/Bookmark-Manager/temp/Bookmark-Manager/spec/link_spec.rb": [
        1,
        null,
        1,
        1,
        1,
        1,
        1,
        1,
        1,
        null,
        null,
        null
      ],
      "/Users/vivianallen/projects/makers-course/Bookmark-Manager/temp/Bookmark-Manager/spec/test_database_setup.rb": [
        1,
        1,
        null,
        1,
        1,
        1,
        1,
        1
      ]
    },
    "timestamp": 1520954224
  }
}
